2022-09-29 11:35:31,714:INFO: Creating the datasets...
2022-09-29 11:36:20,947:INFO: Creating the datasets...
2022-09-29 11:36:52,699:INFO: Creating the datasets...
2022-09-29 11:41:24,166:INFO: Creating the datasets...
2022-09-29 11:42:09,995:INFO: Creating the datasets...
2022-09-29 11:43:00,543:INFO: Creating the datasets...
2022-09-29 11:44:43,180:INFO: Creating the datasets...
2022-09-29 11:46:59,301:INFO: Creating the datasets...
2022-09-29 11:48:11,505:INFO: Creating the datasets...
2022-09-29 11:50:14,791:INFO: Creating the datasets...
2022-09-29 11:51:48,319:INFO: Creating the datasets...
2022-09-29 11:54:53,732:INFO: Creating the datasets...
2022-09-29 11:56:06,167:INFO: Creating the datasets...
2022-09-29 11:59:12,489:INFO: Creating the datasets...
2022-09-29 11:59:58,778:INFO: Creating the datasets...
2022-09-29 12:02:12,671:INFO: Creating the datasets...
2022-09-29 12:03:13,246:INFO: Creating the datasets...
2022-09-29 12:03:55,179:INFO: Creating the datasets...
2022-09-29 12:04:30,318:INFO: Creating the datasets...
2022-09-29 12:04:58,576:INFO: Creating the datasets...
2022-09-29 12:06:26,061:INFO: Creating the datasets...
2022-09-29 12:09:12,168:INFO: Creating the datasets...
2022-09-29 12:09:39,520:INFO: Creating the datasets...
2022-09-29 12:10:16,176:INFO: Creating the datasets...
2022-09-29 12:10:54,209:INFO: Creating the datasets...
2022-09-29 12:11:31,188:INFO: Creating the datasets...
2022-09-29 12:12:19,847:INFO: Creating the datasets...
2022-09-29 12:13:36,312:INFO: Creating the datasets...
2022-09-29 12:14:44,466:INFO: Creating the datasets...
2022-09-29 12:15:21,513:INFO: Creating the datasets...
2022-09-29 12:16:17,071:INFO: Creating the datasets...
2022-09-29 12:17:58,837:INFO: Creating the datasets...
2022-09-29 12:18:27,127:INFO: Creating the datasets...
2022-09-29 12:19:03,017:INFO: Creating the datasets...
2022-09-29 12:19:36,421:INFO: Creating the datasets...
2022-09-29 12:20:37,965:INFO: Creating the datasets...
2022-09-29 12:21:07,989:INFO: Creating the datasets...
2022-09-29 12:22:48,650:INFO: Creating the datasets...
2022-09-29 12:22:49,262:INFO: Creating the model...
2022-09-29 12:25:31,486:INFO: Creating the datasets...
2022-09-29 12:25:32,144:INFO: Creating the model...
2022-09-29 12:34:09,587:INFO: Creating the datasets...
2022-09-29 12:34:10,188:INFO: Creating the model...
2022-09-29 13:10:37,815:INFO: Creating the datasets...
2022-09-29 13:10:38,589:INFO: Creating the model...
2022-09-29 13:18:16,371:INFO: Creating the datasets...
2022-09-29 13:22:03,226:INFO: Creating the datasets...
2022-09-29 13:29:33,543:INFO: Creating the datasets...
2022-09-29 13:30:38,622:INFO: Creating the datasets...
2022-09-29 13:30:39,510:INFO: Creating the model...
2022-09-29 13:51:53,656:INFO: Creating the datasets...
2022-09-29 13:51:54,753:INFO: Creating the model...
2022-09-29 13:52:53,010:INFO: Creating the datasets...
2022-09-29 13:52:53,902:INFO: Creating the model...
2022-09-29 14:26:45,503:INFO: Creating the datasets...
2022-09-29 14:28:24,725:INFO: Creating the datasets...
2022-09-29 14:29:00,876:INFO: Creating the datasets...
2022-09-29 14:30:13,745:INFO: Creating the datasets...
2022-09-29 14:32:13,046:INFO: Creating the datasets...
2022-09-29 14:33:02,913:INFO: Creating the datasets...
2022-09-29 14:34:40,378:INFO: Creating the datasets...
2022-09-29 14:35:48,915:INFO: Creating the datasets...
2022-09-29 14:37:51,971:INFO: Creating the datasets...
2022-09-29 14:39:46,633:INFO: Creating the datasets...
2022-09-29 14:40:27,214:INFO: Creating the datasets...
2022-09-29 14:41:34,108:INFO: Creating the datasets...
2022-09-29 14:42:26,605:INFO: Creating the datasets...
2022-09-29 14:48:21,729:INFO: Creating the datasets...
2022-09-29 14:48:49,870:INFO: Creating the datasets...
2022-09-29 14:49:26,437:INFO: Creating the datasets...
2022-09-29 14:49:27,844:WARNING: Saver is deprecated, please switch to tf.train.Checkpoint or tf.keras.Model.save_weights for training checkpoints. When executing eagerly variables do not necessarily have unique names, and so the variable.name-based lookups Saver performs are error-prone.
2022-09-29 14:50:45,621:INFO: Creating the datasets...
2022-09-29 14:50:47,577:WARNING: Saver is deprecated, please switch to tf.train.Checkpoint or tf.keras.Model.save_weights for training checkpoints. When executing eagerly variables do not necessarily have unique names, and so the variable.name-based lookups Saver performs are error-prone.
2022-09-29 14:52:37,984:INFO: Creating the datasets...
2022-09-29 14:53:25,208:INFO: Creating the datasets...
2022-09-29 14:54:49,923:INFO: Creating the datasets...
2022-09-29 14:56:45,904:INFO: Creating the datasets...
2022-09-29 14:59:05,005:INFO: Creating the datasets...
2022-09-29 15:00:39,027:INFO: Creating the datasets...
2022-09-29 15:02:24,270:INFO: Creating the datasets...
2022-09-29 15:06:28,308:INFO: Creating the datasets...
2022-09-29 15:08:25,849:INFO: Creating the datasets...
2022-09-29 15:09:05,137:INFO: Creating the datasets...
2022-09-29 15:11:35,540:INFO: Creating the datasets...
2022-09-29 15:12:48,526:INFO: Creating the datasets...
2022-09-29 15:14:08,149:INFO: Creating the datasets...
2022-09-29 15:16:04,175:INFO: Creating the datasets...
2022-09-29 15:18:41,205:INFO: Creating the datasets...
2022-09-29 15:21:28,417:INFO: Creating the datasets...
2022-09-29 15:28:54,785:INFO: Creating the datasets...
2022-09-29 15:30:07,415:INFO: Creating the datasets...
2022-09-29 15:31:53,929:INFO: Creating the datasets...
2022-09-29 15:33:09,597:INFO: Creating the datasets...
2022-09-29 15:33:35,953:INFO: Creating the datasets...
2022-09-29 15:36:49,557:INFO: Creating the datasets...
2022-09-29 15:37:56,376:INFO: Creating the datasets...
2022-09-29 15:38:29,955:INFO: Creating the datasets...
2022-09-29 15:39:41,802:INFO: Creating the datasets...
2022-09-29 15:40:29,536:INFO: Creating the datasets...
2022-09-29 15:43:35,270:INFO: Creating the datasets...
2022-09-29 15:47:16,417:INFO: Creating the datasets...
2022-09-29 15:48:18,458:INFO: Creating the datasets...
2022-09-29 15:49:00,558:INFO: Creating the datasets...
2022-09-29 15:51:29,593:INFO: Creating the datasets...
2022-09-29 15:54:18,189:INFO: Creating the datasets...
2022-09-29 15:59:29,466:INFO: Creating the datasets...
2022-09-29 16:00:25,302:INFO: Creating the datasets...
2022-09-29 16:05:12,055:INFO: Creating the datasets...
2022-09-29 16:07:15,162:INFO: Creating the datasets...
2022-09-29 16:08:56,223:INFO: Creating the datasets...
2022-09-29 16:09:58,876:INFO: Creating the datasets...
2022-09-29 16:10:21,422:INFO: Creating the datasets...
2022-09-29 16:10:34,918:INFO: Creating the datasets...
2022-09-29 16:11:00,982:INFO: Creating the datasets...
2022-09-29 16:11:24,476:INFO: Creating the datasets...
2022-09-29 16:13:16,751:INFO: Creating the datasets...
2022-09-29 16:15:20,932:INFO: Creating the datasets...
2022-09-29 16:15:49,559:INFO: Creating the datasets...
2022-09-29 16:16:03,054:INFO: Creating the datasets...
2022-09-29 16:17:03,143:INFO: Creating the datasets...
2022-09-29 16:19:43,135:INFO: Creating the datasets...
2022-09-29 16:22:40,945:INFO: Creating the datasets...
2022-09-29 16:35:16,155:INFO: Creating the datasets...
2022-09-29 16:36:59,986:INFO: Creating the datasets...
2022-09-29 16:37:37,924:INFO: Creating the datasets...
2022-09-29 17:04:22,595:INFO: Creating the datasets...
2022-09-29 17:16:42,237:INFO: Creating the datasets...
2022-09-29 17:20:12,000:INFO: Creating the datasets...
2022-09-29 17:23:42,841:INFO: Creating the datasets...
2022-09-29 17:24:49,586:INFO: Creating the datasets...
2022-09-29 17:27:00,188:INFO: Creating the datasets...
2022-09-29 17:27:46,943:INFO: Creating the datasets...
2022-09-29 17:32:16,461:INFO: Creating the datasets...
2022-09-29 17:33:55,494:INFO: Creating the datasets...
2022-09-29 17:34:40,127:INFO: Creating the datasets...
2022-09-29 17:39:43,077:INFO: Creating the datasets...
2022-09-29 17:40:44,649:INFO: Creating the datasets...
2022-09-29 17:42:49,120:INFO: Creating the datasets...
2022-09-29 17:44:04,057:WARNING: Saver is deprecated, please switch to tf.train.Checkpoint or tf.keras.Model.save_weights for training checkpoints. When executing eagerly variables do not necessarily have unique names, and so the variable.name-based lookups Saver performs are error-prone.
2022-09-29 17:45:05,498:INFO: Creating the datasets...
2022-09-29 17:50:17,259:INFO: Creating the datasets...
2022-09-29 20:06:05,466:INFO: Creating the datasets...
2022-09-29 20:06:54,991:INFO: Creating the datasets...
2022-09-29 20:23:17,724:INFO: Creating the datasets...
2022-09-29 20:24:13,319:INFO: Creating the datasets...
2022-09-29 20:25:10,639:INFO: Creating the datasets...
2022-09-29 20:31:33,160:INFO: Creating the datasets...
2022-09-29 20:33:38,904:INFO: Creating the datasets...
2022-09-29 20:38:44,531:INFO: Creating the datasets...
2022-09-29 20:40:13,391:INFO: Creating the datasets...
2022-09-29 20:40:43,005:INFO: Creating the datasets...
2022-09-29 20:41:33,968:INFO: Creating the datasets...
2022-09-29 20:57:56,789:INFO: Creating the datasets...
2022-09-29 20:57:57,591:INFO: Creating the model...
2022-09-29 21:04:19,840:INFO: Creating the datasets...
2022-09-29 21:04:20,675:INFO: Creating the model...
2022-09-29 21:18:18,111:INFO: Creating the datasets...
2022-09-29 21:18:19,266:INFO: Creating the model...
2022-09-29 21:22:36,739:INFO: Creating the datasets...
2022-09-29 21:22:37,324:INFO: Creating the model...
2022-09-29 21:32:49,529:INFO: Creating the datasets...
2022-09-29 21:32:50,317:INFO: Creating the model...
2022-09-29 21:34:16,457:WARNING: Skipping full serialization of Keras layer <model.cnn.CNN object at 0x14539e2b0>, because it is not built.
2022-09-29 21:34:16,808:WARNING: Found untraced functions such as conv2d_layer_call_fn, conv2d_layer_call_and_return_conditional_losses, _jit_compiled_convolution_op, conv2d_1_layer_call_fn, conv2d_1_layer_call_and_return_conditional_losses while saving (showing 5 of 8). These functions will not be directly callable after loading.
2022-09-29 21:34:17,259:INFO: Assets written to: /Users/ujjwal/Documents/saved_model/assets
2022-09-30 19:33:23,535:INFO: Creating the datasets...
2022-09-30 19:33:24,848:INFO: Creating the model...
2022-09-30 19:42:56,077:INFO: Creating the datasets...
2022-09-30 19:42:56,969:INFO: Creating the model...
2022-09-30 19:49:12,998:INFO: Creating the datasets...
2022-09-30 19:49:13,548:INFO: Creating the model...
