2022-12-11 00:55:08,330:INFO: Creating the datasets...
2022-12-11 00:55:09,389:WARNING: From /home/arvind/Desktop/BTP/BTPEnv/lib/python3.9/site-packages/tensorflow/python/autograph/pyct/static_analysis/liveness.py:83: Analyzer.lamba_check (from tensorflow.python.autograph.pyct.static_analysis.liveness) is deprecated and will be removed after 2023-09-23.
Instructions for updating:
Lambda fuctions will be no more assumed to be used in the statement where they are used, or at least in the same block. https://github.com/tensorflow/tensorflow/issues/56089
2022-12-11 00:55:09,826:INFO: Creating the model...
2022-12-11 00:55:14,359:WARNING: 5 out of the last 5 calls to <function _BaseOptimizer._update_step_xla at 0x7f5f311b2b80> triggered tf.function retracing. Tracing is expensive and the excessive number of tracings could be due to (1) creating @tf.function repeatedly in a loop, (2) passing tensors with different shapes, (3) passing Python objects instead of tensors. For (1), please define your @tf.function outside of the loop. For (2), @tf.function has reduce_retracing=True option that can avoid unnecessary retracing. For (3), please refer to https://www.tensorflow.org/guide/function#controlling_retracing and https://www.tensorflow.org/api_docs/python/tf/function for  more details.
2022-12-11 00:55:14,463:WARNING: 6 out of the last 6 calls to <function _BaseOptimizer._update_step_xla at 0x7f5f311b2b80> triggered tf.function retracing. Tracing is expensive and the excessive number of tracings could be due to (1) creating @tf.function repeatedly in a loop, (2) passing tensors with different shapes, (3) passing Python objects instead of tensors. For (1), please define your @tf.function outside of the loop. For (2), @tf.function has reduce_retracing=True option that can avoid unnecessary retracing. For (3), please refer to https://www.tensorflow.org/guide/function#controlling_retracing and https://www.tensorflow.org/api_docs/python/tf/function for  more details.
2022-12-11 00:56:48,376:INFO: Creating the datasets...
2022-12-11 00:56:49,181:WARNING: From /home/arvind/Desktop/BTP/BTPEnv/lib/python3.9/site-packages/tensorflow/python/autograph/pyct/static_analysis/liveness.py:83: Analyzer.lamba_check (from tensorflow.python.autograph.pyct.static_analysis.liveness) is deprecated and will be removed after 2023-09-23.
Instructions for updating:
Lambda fuctions will be no more assumed to be used in the statement where they are used, or at least in the same block. https://github.com/tensorflow/tensorflow/issues/56089
2022-12-11 00:56:49,613:INFO: Creating the model...
2022-12-11 00:56:53,267:WARNING: 5 out of the last 5 calls to <function _BaseOptimizer._update_step_xla at 0x7fa553b92b80> triggered tf.function retracing. Tracing is expensive and the excessive number of tracings could be due to (1) creating @tf.function repeatedly in a loop, (2) passing tensors with different shapes, (3) passing Python objects instead of tensors. For (1), please define your @tf.function outside of the loop. For (2), @tf.function has reduce_retracing=True option that can avoid unnecessary retracing. For (3), please refer to https://www.tensorflow.org/guide/function#controlling_retracing and https://www.tensorflow.org/api_docs/python/tf/function for  more details.
2022-12-11 00:56:53,373:WARNING: 6 out of the last 6 calls to <function _BaseOptimizer._update_step_xla at 0x7fa553b92b80> triggered tf.function retracing. Tracing is expensive and the excessive number of tracings could be due to (1) creating @tf.function repeatedly in a loop, (2) passing tensors with different shapes, (3) passing Python objects instead of tensors. For (1), please define your @tf.function outside of the loop. For (2), @tf.function has reduce_retracing=True option that can avoid unnecessary retracing. For (3), please refer to https://www.tensorflow.org/guide/function#controlling_retracing and https://www.tensorflow.org/api_docs/python/tf/function for  more details.
2022-12-11 01:01:23,965:INFO: Creating the datasets...
2022-12-11 01:01:24,766:WARNING: From /home/arvind/Desktop/BTP/BTPEnv/lib/python3.9/site-packages/tensorflow/python/autograph/pyct/static_analysis/liveness.py:83: Analyzer.lamba_check (from tensorflow.python.autograph.pyct.static_analysis.liveness) is deprecated and will be removed after 2023-09-23.
Instructions for updating:
Lambda fuctions will be no more assumed to be used in the statement where they are used, or at least in the same block. https://github.com/tensorflow/tensorflow/issues/56089
2022-12-11 01:01:25,201:INFO: Creating the model...
2022-12-11 01:01:28,805:WARNING: 5 out of the last 5 calls to <function _BaseOptimizer._update_step_xla at 0x7f868818ec10> triggered tf.function retracing. Tracing is expensive and the excessive number of tracings could be due to (1) creating @tf.function repeatedly in a loop, (2) passing tensors with different shapes, (3) passing Python objects instead of tensors. For (1), please define your @tf.function outside of the loop. For (2), @tf.function has reduce_retracing=True option that can avoid unnecessary retracing. For (3), please refer to https://www.tensorflow.org/guide/function#controlling_retracing and https://www.tensorflow.org/api_docs/python/tf/function for  more details.
2022-12-11 01:01:28,910:WARNING: 6 out of the last 6 calls to <function _BaseOptimizer._update_step_xla at 0x7f868818ec10> triggered tf.function retracing. Tracing is expensive and the excessive number of tracings could be due to (1) creating @tf.function repeatedly in a loop, (2) passing tensors with different shapes, (3) passing Python objects instead of tensors. For (1), please define your @tf.function outside of the loop. For (2), @tf.function has reduce_retracing=True option that can avoid unnecessary retracing. For (3), please refer to https://www.tensorflow.org/guide/function#controlling_retracing and https://www.tensorflow.org/api_docs/python/tf/function for  more details.
2022-12-11 02:35:24,696:INFO: Creating the datasets...
2022-12-11 02:35:25,794:WARNING: From /home/arvind/Desktop/BTP/BTPEnv/lib/python3.9/site-packages/tensorflow/python/autograph/pyct/static_analysis/liveness.py:83: Analyzer.lamba_check (from tensorflow.python.autograph.pyct.static_analysis.liveness) is deprecated and will be removed after 2023-09-23.
Instructions for updating:
Lambda fuctions will be no more assumed to be used in the statement where they are used, or at least in the same block. https://github.com/tensorflow/tensorflow/issues/56089
2022-12-11 02:35:26,255:INFO: Creating the model...
2022-12-11 02:46:28,409:INFO: Creating the datasets...
2022-12-11 02:46:29,198:WARNING: From /home/arvind/Desktop/BTP/BTPEnv/lib/python3.9/site-packages/tensorflow/python/autograph/pyct/static_analysis/liveness.py:83: Analyzer.lamba_check (from tensorflow.python.autograph.pyct.static_analysis.liveness) is deprecated and will be removed after 2023-09-23.
Instructions for updating:
Lambda fuctions will be no more assumed to be used in the statement where they are used, or at least in the same block. https://github.com/tensorflow/tensorflow/issues/56089
2022-12-11 02:46:29,620:INFO: Creating the model...
2022-12-11 02:47:13,401:INFO: Creating the datasets...
2022-12-11 02:47:14,184:WARNING: From /home/arvind/Desktop/BTP/BTPEnv/lib/python3.9/site-packages/tensorflow/python/autograph/pyct/static_analysis/liveness.py:83: Analyzer.lamba_check (from tensorflow.python.autograph.pyct.static_analysis.liveness) is deprecated and will be removed after 2023-09-23.
Instructions for updating:
Lambda fuctions will be no more assumed to be used in the statement where they are used, or at least in the same block. https://github.com/tensorflow/tensorflow/issues/56089
2022-12-11 02:47:14,604:INFO: Creating the model...
2022-12-11 02:49:51,897:INFO: Creating the datasets...
2022-12-11 02:49:52,672:WARNING: From /home/arvind/Desktop/BTP/BTPEnv/lib/python3.9/site-packages/tensorflow/python/autograph/pyct/static_analysis/liveness.py:83: Analyzer.lamba_check (from tensorflow.python.autograph.pyct.static_analysis.liveness) is deprecated and will be removed after 2023-09-23.
Instructions for updating:
Lambda fuctions will be no more assumed to be used in the statement where they are used, or at least in the same block. https://github.com/tensorflow/tensorflow/issues/56089
2022-12-11 02:49:53,090:INFO: Creating the model...
2022-12-11 02:50:37,323:INFO: Creating the datasets...
2022-12-11 02:50:38,234:WARNING: From /home/arvind/Desktop/BTP/BTPEnv/lib/python3.9/site-packages/tensorflow/python/autograph/pyct/static_analysis/liveness.py:83: Analyzer.lamba_check (from tensorflow.python.autograph.pyct.static_analysis.liveness) is deprecated and will be removed after 2023-09-23.
Instructions for updating:
Lambda fuctions will be no more assumed to be used in the statement where they are used, or at least in the same block. https://github.com/tensorflow/tensorflow/issues/56089
2022-12-11 02:50:38,654:INFO: Creating the model...
2022-12-11 02:53:06,361:INFO: Creating the datasets...
2022-12-11 02:53:07,131:WARNING: From /home/arvind/Desktop/BTP/BTPEnv/lib/python3.9/site-packages/tensorflow/python/autograph/pyct/static_analysis/liveness.py:83: Analyzer.lamba_check (from tensorflow.python.autograph.pyct.static_analysis.liveness) is deprecated and will be removed after 2023-09-23.
Instructions for updating:
Lambda fuctions will be no more assumed to be used in the statement where they are used, or at least in the same block. https://github.com/tensorflow/tensorflow/issues/56089
2022-12-11 02:53:07,554:INFO: Creating the model...
2022-12-11 02:54:00,988:INFO: Creating the datasets...
2022-12-11 02:54:01,925:WARNING: From /home/arvind/Desktop/BTP/BTPEnv/lib/python3.9/site-packages/tensorflow/python/autograph/pyct/static_analysis/liveness.py:83: Analyzer.lamba_check (from tensorflow.python.autograph.pyct.static_analysis.liveness) is deprecated and will be removed after 2023-09-23.
Instructions for updating:
Lambda fuctions will be no more assumed to be used in the statement where they are used, or at least in the same block. https://github.com/tensorflow/tensorflow/issues/56089
2022-12-11 02:54:02,471:INFO: Creating the model...
2022-12-11 02:54:02,653:WARNING: From /home/arvind/Desktop/BTP/BTPEnv/lib/python3.9/site-packages/tensorflow/python/checkpoint/checkpoint.py:1473: NameBasedSaverStatus.__init__ (from tensorflow.python.checkpoint.checkpoint) is deprecated and will be removed in a future version.
Instructions for updating:
Restoring a name-based tf.train.Saver checkpoint using the object-based restore API. This mode uses global names to match variables, and so is somewhat fragile. It also adds new restore ops to the graph each time it is called when graph building. Prefer re-encoding training checkpoints in the object-based format: run save() on the object-based saver (the same one this message is coming from) and use that checkpoint in the future.
2022-12-11 02:55:16,675:INFO: Creating the datasets...
2022-12-11 02:55:17,431:WARNING: From /home/arvind/Desktop/BTP/BTPEnv/lib/python3.9/site-packages/tensorflow/python/autograph/pyct/static_analysis/liveness.py:83: Analyzer.lamba_check (from tensorflow.python.autograph.pyct.static_analysis.liveness) is deprecated and will be removed after 2023-09-23.
Instructions for updating:
Lambda fuctions will be no more assumed to be used in the statement where they are used, or at least in the same block. https://github.com/tensorflow/tensorflow/issues/56089
2022-12-11 02:55:17,854:INFO: Creating the model...
2022-12-11 02:55:17,994:WARNING: From /home/arvind/Desktop/BTP/BTPEnv/lib/python3.9/site-packages/tensorflow/python/checkpoint/checkpoint.py:1473: NameBasedSaverStatus.__init__ (from tensorflow.python.checkpoint.checkpoint) is deprecated and will be removed in a future version.
Instructions for updating:
Restoring a name-based tf.train.Saver checkpoint using the object-based restore API. This mode uses global names to match variables, and so is somewhat fragile. It also adds new restore ops to the graph each time it is called when graph building. Prefer re-encoding training checkpoints in the object-based format: run save() on the object-based saver (the same one this message is coming from) and use that checkpoint in the future.
2022-12-11 02:57:10,816:INFO: Creating the datasets...
2022-12-11 02:57:11,641:WARNING: From /home/arvind/Desktop/BTP/BTPEnv/lib/python3.9/site-packages/tensorflow/python/autograph/pyct/static_analysis/liveness.py:83: Analyzer.lamba_check (from tensorflow.python.autograph.pyct.static_analysis.liveness) is deprecated and will be removed after 2023-09-23.
Instructions for updating:
Lambda fuctions will be no more assumed to be used in the statement where they are used, or at least in the same block. https://github.com/tensorflow/tensorflow/issues/56089
2022-12-11 02:57:12,063:INFO: Creating the model...
2022-12-11 03:07:56,108:INFO: Creating the datasets...
2022-12-11 03:07:57,763:WARNING: From /home/arvind/Desktop/BTP/BTPEnv/lib/python3.9/site-packages/tensorflow/python/autograph/pyct/static_analysis/liveness.py:83: Analyzer.lamba_check (from tensorflow.python.autograph.pyct.static_analysis.liveness) is deprecated and will be removed after 2023-09-23.
Instructions for updating:
Lambda fuctions will be no more assumed to be used in the statement where they are used, or at least in the same block. https://github.com/tensorflow/tensorflow/issues/56089
2022-12-11 03:07:58,363:INFO: Creating the model...
2022-12-11 03:07:58,534:WARNING: Inconsistent references when loading the checkpoint into this object graph. For example, in the saved checkpoint object, `model.layer.weight` and `model.layer_copy.weight` reference the same variable, while in the current object these are two different variables. The referenced variables are:(<tensorflow.python.checkpoint.checkpoint.Checkpoint object at 0x7fa5de85e070> and <tensorflow.python.checkpoint.checkpoint.Checkpoint object at 0x7fa5e740de80>).
2022-12-11 03:08:39,378:INFO: Creating the datasets...
2022-12-11 03:08:40,489:WARNING: From /home/arvind/Desktop/BTP/BTPEnv/lib/python3.9/site-packages/tensorflow/python/autograph/pyct/static_analysis/liveness.py:83: Analyzer.lamba_check (from tensorflow.python.autograph.pyct.static_analysis.liveness) is deprecated and will be removed after 2023-09-23.
Instructions for updating:
Lambda fuctions will be no more assumed to be used in the statement where they are used, or at least in the same block. https://github.com/tensorflow/tensorflow/issues/56089
2022-12-11 03:08:41,025:INFO: Creating the model...
2022-12-11 03:08:41,185:WARNING: Inconsistent references when loading the checkpoint into this object graph. For example, in the saved checkpoint object, `model.layer.weight` and `model.layer_copy.weight` reference the same variable, while in the current object these are two different variables. The referenced variables are:(<tensorflow.python.checkpoint.checkpoint.Checkpoint object at 0x7f67c00e1070> and <tensorflow.python.checkpoint.checkpoint.Checkpoint object at 0x7f67ca334370>).
2022-12-11 03:08:45,640:WARNING: 5 out of the last 5 calls to <function _BaseOptimizer._update_step_xla at 0x7f67ca0eadc0> triggered tf.function retracing. Tracing is expensive and the excessive number of tracings could be due to (1) creating @tf.function repeatedly in a loop, (2) passing tensors with different shapes, (3) passing Python objects instead of tensors. For (1), please define your @tf.function outside of the loop. For (2), @tf.function has reduce_retracing=True option that can avoid unnecessary retracing. For (3), please refer to https://www.tensorflow.org/guide/function#controlling_retracing and https://www.tensorflow.org/api_docs/python/tf/function for  more details.
2022-12-11 03:08:45,745:WARNING: 6 out of the last 6 calls to <function _BaseOptimizer._update_step_xla at 0x7f67ca0eadc0> triggered tf.function retracing. Tracing is expensive and the excessive number of tracings could be due to (1) creating @tf.function repeatedly in a loop, (2) passing tensors with different shapes, (3) passing Python objects instead of tensors. For (1), please define your @tf.function outside of the loop. For (2), @tf.function has reduce_retracing=True option that can avoid unnecessary retracing. For (3), please refer to https://www.tensorflow.org/guide/function#controlling_retracing and https://www.tensorflow.org/api_docs/python/tf/function for  more details.
2022-12-11 13:29:55,401:INFO: Creating the datasets...
2022-12-11 13:30:40,641:WARNING: From /home/arvind/Desktop/BTP/BTPEnv/lib/python3.9/site-packages/tensorflow/python/autograph/pyct/static_analysis/liveness.py:83: Analyzer.lamba_check (from tensorflow.python.autograph.pyct.static_analysis.liveness) is deprecated and will be removed after 2023-09-23.
Instructions for updating:
Lambda fuctions will be no more assumed to be used in the statement where they are used, or at least in the same block. https://github.com/tensorflow/tensorflow/issues/56089
2022-12-11 13:30:43,191:INFO: Creating the model...
2022-12-11 13:30:43,459:WARNING: Inconsistent references when loading the checkpoint into this object graph. For example, in the saved checkpoint object, `model.layer.weight` and `model.layer_copy.weight` reference the same variable, while in the current object these are two different variables. The referenced variables are:(<tensorflow.python.checkpoint.checkpoint.Checkpoint object at 0x7f69000a5520> and <tensorflow.python.checkpoint.checkpoint.Checkpoint object at 0x7f690c5e3430>).
2022-12-11 13:31:13,079:INFO: Creating the datasets...
2022-12-11 13:31:14,238:WARNING: From /home/arvind/Desktop/BTP/BTPEnv/lib/python3.9/site-packages/tensorflow/python/autograph/pyct/static_analysis/liveness.py:83: Analyzer.lamba_check (from tensorflow.python.autograph.pyct.static_analysis.liveness) is deprecated and will be removed after 2023-09-23.
Instructions for updating:
Lambda fuctions will be no more assumed to be used in the statement where they are used, or at least in the same block. https://github.com/tensorflow/tensorflow/issues/56089
2022-12-11 13:31:14,760:INFO: Creating the model...
2022-12-11 13:31:14,887:WARNING: Inconsistent references when loading the checkpoint into this object graph. For example, in the saved checkpoint object, `model.layer.weight` and `model.layer_copy.weight` reference the same variable, while in the current object these are two different variables. The referenced variables are:(<tensorflow.python.checkpoint.checkpoint.Checkpoint object at 0x7fbaa9cf2250> and <tensorflow.python.checkpoint.checkpoint.Checkpoint object at 0x7fbab286f790>).
2022-12-11 13:31:19,284:WARNING: 5 out of the last 5 calls to <function _BaseOptimizer._update_step_xla at 0x7fbab2621dc0> triggered tf.function retracing. Tracing is expensive and the excessive number of tracings could be due to (1) creating @tf.function repeatedly in a loop, (2) passing tensors with different shapes, (3) passing Python objects instead of tensors. For (1), please define your @tf.function outside of the loop. For (2), @tf.function has reduce_retracing=True option that can avoid unnecessary retracing. For (3), please refer to https://www.tensorflow.org/guide/function#controlling_retracing and https://www.tensorflow.org/api_docs/python/tf/function for  more details.
2022-12-11 13:31:19,392:WARNING: 6 out of the last 6 calls to <function _BaseOptimizer._update_step_xla at 0x7fbab2621dc0> triggered tf.function retracing. Tracing is expensive and the excessive number of tracings could be due to (1) creating @tf.function repeatedly in a loop, (2) passing tensors with different shapes, (3) passing Python objects instead of tensors. For (1), please define your @tf.function outside of the loop. For (2), @tf.function has reduce_retracing=True option that can avoid unnecessary retracing. For (3), please refer to https://www.tensorflow.org/guide/function#controlling_retracing and https://www.tensorflow.org/api_docs/python/tf/function for  more details.
